Warning[205] C:\USERS\DIVIK\MPLABXPROJECTS\MIDTERM!.X\NEWASMTEMPLATE.ASM 1 : Found directive in column 1. (LIST)
Warning[205] C:\USERS\DIVIK\MPLABXPROJECTS\MIDTERM!.X\NEWASMTEMPLATE.ASM 79 : Found directive in column 1. (ORG)
Warning[203] C:\USERS\DIVIK\MPLABXPROJECTS\MIDTERM!.X\NEWASMTEMPLATE.ASM 80 : Found opcode in column 1. (bra)
Warning[205] C:\USERS\DIVIK\MPLABXPROJECTS\MIDTERM!.X\NEWASMTEMPLATE.ASM 81 : Found directive in column 1. (ORG)
Warning[203] C:\USERS\DIVIK\MPLABXPROJECTS\MIDTERM!.X\NEWASMTEMPLATE.ASM 82 : Found opcode in column 1. (bra)
Warning[205] C:\USERS\DIVIK\MPLABXPROJECTS\MIDTERM!.X\NEWASMTEMPLATE.ASM 86 : Found directive in column 1. (endm)
Warning[205] C:\USERS\DIVIK\MPLABXPROJECTS\MIDTERM!.X\NEWASMTEMPLATE.ASM 126 : Found directive in column 1. (ENDM)
Warning[205] C:\USERS\DIVIK\MPLABXPROJECTS\MIDTERM!.X\NEWASMTEMPLATE.ASM 156 : Found directive in column 1. (endm)
Warning[207] C:\USERS\DIVIK\MPLABXPROJECTS\MIDTERM!.X\NEWASMTEMPLATE.ASM 114 : Found label after column 1. (LOOP2)
Warning[207] C:\USERS\DIVIK\MPLABXPROJECTS\MIDTERM!.X\NEWASMTEMPLATE.ASM 117 : Found label after column 1. (LOOP1)
Warning[207] C:\USERS\DIVIK\MPLABXPROJECTS\MIDTERM!.X\NEWASMTEMPLATE.ASM 114 : Found label after column 1. (LOOP2)
Warning[207] C:\USERS\DIVIK\MPLABXPROJECTS\MIDTERM!.X\NEWASMTEMPLATE.ASM 117 : Found label after column 1. (LOOP1)
Warning[207] C:\USERS\DIVIK\MPLABXPROJECTS\MIDTERM!.X\NEWASMTEMPLATE.ASM 114 : Found label after column 1. (LOOP2)
Warning[207] C:\USERS\DIVIK\MPLABXPROJECTS\MIDTERM!.X\NEWASMTEMPLATE.ASM 117 : Found label after column 1. (LOOP1)
Warning[207] C:\USERS\DIVIK\MPLABXPROJECTS\MIDTERM!.X\NEWASMTEMPLATE.ASM 114 : Found label after column 1. (LOOP2)
Warning[207] C:\USERS\DIVIK\MPLABXPROJECTS\MIDTERM!.X\NEWASMTEMPLATE.ASM 117 : Found label after column 1. (LOOP1)
Warning[207] C:\USERS\DIVIK\MPLABXPROJECTS\MIDTERM!.X\NEWASMTEMPLATE.ASM 114 : Found label after column 1. (LOOP2)
Warning[207] C:\USERS\DIVIK\MPLABXPROJECTS\MIDTERM!.X\NEWASMTEMPLATE.ASM 117 : Found label after column 1. (LOOP1)
Warning[207] C:\USERS\DIVIK\MPLABXPROJECTS\MIDTERM!.X\NEWASMTEMPLATE.ASM 114 : Found label after column 1. (LOOP2)
Warning[207] C:\USERS\DIVIK\MPLABXPROJECTS\MIDTERM!.X\NEWASMTEMPLATE.ASM 117 : Found label after column 1. (LOOP1)
Warning[207] C:\USERS\DIVIK\MPLABXPROJECTS\MIDTERM!.X\NEWASMTEMPLATE.ASM 114 : Found label after column 1. (LOOP2)
Warning[207] C:\USERS\DIVIK\MPLABXPROJECTS\MIDTERM!.X\NEWASMTEMPLATE.ASM 117 : Found label after column 1. (LOOP1)
Warning[207] C:\USERS\DIVIK\MPLABXPROJECTS\MIDTERM!.X\NEWASMTEMPLATE.ASM 114 : Found label after column 1. (LOOP2)
Warning[207] C:\USERS\DIVIK\MPLABXPROJECTS\MIDTERM!.X\NEWASMTEMPLATE.ASM 117 : Found label after column 1. (LOOP1)
Warning[207] C:\USERS\DIVIK\MPLABXPROJECTS\MIDTERM!.X\NEWASMTEMPLATE.ASM 114 : Found label after column 1. (LOOP2)
Warning[207] C:\USERS\DIVIK\MPLABXPROJECTS\MIDTERM!.X\NEWASMTEMPLATE.ASM 117 : Found label after column 1. (LOOP1)
Warning[207] C:\USERS\DIVIK\MPLABXPROJECTS\MIDTERM!.X\NEWASMTEMPLATE.ASM 114 : Found label after column 1. (LOOP2)
Warning[207] C:\USERS\DIVIK\MPLABXPROJECTS\MIDTERM!.X\NEWASMTEMPLATE.ASM 117 : Found label after column 1. (LOOP1)
Warning[207] C:\USERS\DIVIK\MPLABXPROJECTS\MIDTERM!.X\NEWASMTEMPLATE.ASM 114 : Found label after column 1. (LOOP2)
Warning[207] C:\USERS\DIVIK\MPLABXPROJECTS\MIDTERM!.X\NEWASMTEMPLATE.ASM 117 : Found label after column 1. (LOOP1)
Warning[207] C:\USERS\DIVIK\MPLABXPROJECTS\MIDTERM!.X\NEWASMTEMPLATE.ASM 114 : Found label after column 1. (LOOP2)
Warning[207] C:\USERS\DIVIK\MPLABXPROJECTS\MIDTERM!.X\NEWASMTEMPLATE.ASM 117 : Found label after column 1. (LOOP1)
Warning[207] C:\USERS\DIVIK\MPLABXPROJECTS\MIDTERM!.X\NEWASMTEMPLATE.ASM 114 : Found label after column 1. (LOOP2)
Warning[207] C:\USERS\DIVIK\MPLABXPROJECTS\MIDTERM!.X\NEWASMTEMPLATE.ASM 117 : Found label after column 1. (LOOP1)
Warning[207] C:\USERS\DIVIK\MPLABXPROJECTS\MIDTERM!.X\NEWASMTEMPLATE.ASM 114 : Found label after column 1. (LOOP2)
Warning[207] C:\USERS\DIVIK\MPLABXPROJECTS\MIDTERM!.X\NEWASMTEMPLATE.ASM 117 : Found label after column 1. (LOOP1)
Warning[207] C:\USERS\DIVIK\MPLABXPROJECTS\MIDTERM!.X\NEWASMTEMPLATE.ASM 114 : Found label after column 1. (LOOP2)
Warning[207] C:\USERS\DIVIK\MPLABXPROJECTS\MIDTERM!.X\NEWASMTEMPLATE.ASM 117 : Found label after column 1. (LOOP1)
Warning[207] C:\USERS\DIVIK\MPLABXPROJECTS\MIDTERM!.X\NEWASMTEMPLATE.ASM 114 : Found label after column 1. (LOOP2)
Warning[207] C:\USERS\DIVIK\MPLABXPROJECTS\MIDTERM!.X\NEWASMTEMPLATE.ASM 117 : Found label after column 1. (LOOP1)
Warning[207] C:\USERS\DIVIK\MPLABXPROJECTS\MIDTERM!.X\NEWASMTEMPLATE.ASM 114 : Found label after column 1. (LOOP2)
Warning[207] C:\USERS\DIVIK\MPLABXPROJECTS\MIDTERM!.X\NEWASMTEMPLATE.ASM 117 : Found label after column 1. (LOOP1)
Warning[207] C:\USERS\DIVIK\MPLABXPROJECTS\MIDTERM!.X\NEWASMTEMPLATE.ASM 114 : Found label after column 1. (LOOP2)
Warning[207] C:\USERS\DIVIK\MPLABXPROJECTS\MIDTERM!.X\NEWASMTEMPLATE.ASM 117 : Found label after column 1. (LOOP1)
Warning[207] C:\USERS\DIVIK\MPLABXPROJECTS\MIDTERM!.X\NEWASMTEMPLATE.ASM 114 : Found label after column 1. (LOOP2)
Warning[207] C:\USERS\DIVIK\MPLABXPROJECTS\MIDTERM!.X\NEWASMTEMPLATE.ASM 117 : Found label after column 1. (LOOP1)
Warning[207] C:\USERS\DIVIK\MPLABXPROJECTS\MIDTERM!.X\NEWASMTEMPLATE.ASM 114 : Found label after column 1. (LOOP2)
Warning[207] C:\USERS\DIVIK\MPLABXPROJECTS\MIDTERM!.X\NEWASMTEMPLATE.ASM 117 : Found label after column 1. (LOOP1)
Warning[207] C:\USERS\DIVIK\MPLABXPROJECTS\MIDTERM!.X\NEWASMTEMPLATE.ASM 114 : Found label after column 1. (LOOP2)
Warning[207] C:\USERS\DIVIK\MPLABXPROJECTS\MIDTERM!.X\NEWASMTEMPLATE.ASM 117 : Found label after column 1. (LOOP1)
Warning[207] C:\USERS\DIVIK\MPLABXPROJECTS\MIDTERM!.X\NEWASMTEMPLATE.ASM 114 : Found label after column 1. (LOOP2)
Warning[207] C:\USERS\DIVIK\MPLABXPROJECTS\MIDTERM!.X\NEWASMTEMPLATE.ASM 117 : Found label after column 1. (LOOP1)
Warning[207] C:\USERS\DIVIK\MPLABXPROJECTS\MIDTERM!.X\NEWASMTEMPLATE.ASM 114 : Found label after column 1. (LOOP2)
Warning[207] C:\USERS\DIVIK\MPLABXPROJECTS\MIDTERM!.X\NEWASMTEMPLATE.ASM 117 : Found label after column 1. (LOOP1)
Warning[207] C:\USERS\DIVIK\MPLABXPROJECTS\MIDTERM!.X\NEWASMTEMPLATE.ASM 114 : Found label after column 1. (LOOP2)
Warning[207] C:\USERS\DIVIK\MPLABXPROJECTS\MIDTERM!.X\NEWASMTEMPLATE.ASM 117 : Found label after column 1. (LOOP1)
Warning[205] C:\USERS\DIVIK\MPLABXPROJECTS\MIDTERM!.X\NEWASMTEMPLATE.ASM 327 : Found directive in column 1. (END)
