

Microchip Technology PIC18 LITE Macro Assembler V2.00 build -1524193055 
                                                                                               Sat Dec 22 11:21:04 2018

Microchip Technology Omniscient Code Generator v2.00 (Free mode) build 20180527130849
     1  0000                     
     2                           ; Version 2.00
     3                           ; Generated 27/05/2018 GMT
     4                           
     5                           ; 
     6                           ; Copyright © 2018, Microchip Technology Inc. and its subsidiaries ("Microchip")
     7                           ; All rights reserved.
     8                           ; 
     9                           ; This software is developed by Microchip Technology Inc. and its subsidiaries ("Microch
                                 ip").
    10                           ; 
    11                           ; Redistribution and use in source and binary forms, with or without modification, are
    12                           ; permitted provided that the following conditions are met:
    13                           ; 
    14                           ;     1. Redistributions of source code must retain the above copyright notice, this lis
                                 t of
    15                           ;        conditions and the following disclaimer.
    16                           ; 
    17                           ;     2. Redistributions in binary form must reproduce the above copyright notice, this 
                                 list
    18                           ;        of conditions and the following disclaimer in the documentation and/or other
    19                           ;        materials provided with the distribution.
    20                           ; 
    21                           ;     3. Microchip's name may not be used to endorse or promote products derived from th
                                 is
    22                           ;        software without specific prior written permission.
    23                           ; 
    24                           ; THIS SOFTWARE IS PROVIDED BY MICROCHIP "AS IS" AND ANY EXPRESS OR IMPLIED WARRANTIES,

    25                           ; INCLUDING, BUT NOT LIMITED TO, THE IMPLIED WARRANTIES OF MERCHANTABILITY AND FITNESS F
                                 OR
    26                           ; PURPOSE ARE DISCLAIMED.  IN NO EVENT SHALL MICROCHIP BE LIABLE FOR ANY DIRECT, INDIREC
                                 T,
    27                           ; INCIDENTAL, SPECIAL, EXEMPLARY, OR CONSEQUENTIAL DAMAGES (INCLUDING BUT NOT LIMITED TO
                                 
    28                           ; PROCUREMENT OF SUBSTITUTE GOODS OR SERVICES; LOSS OF USE, DATA OR PROFITS; OR BUSINESS
                                 
    29                           ; INTERRUPTION) HOWSOEVER CAUSED AND ON ANY THEORY OF LIABILITY, WHETHER IN CONTRACT, ST
                                 RICT
    30                           ; LIABILITY, OR TORT (INCLUDING NEGLIGENCE OR OTHERWISE) ARISING IN ANY WAY OUT OF THE U
                                 SE OF
    31                           ; THIS SOFTWARE, EVEN IF ADVISED OF THE POSSIBILITY OF SUCH DAMAGE.
    32                           ; 
    33                           
    34                           
    35                           ; 
    36                           ; Code-generator required, PIC18F4520 Definitions
    37                           ; 
    38  0000                     fsr0 equ 0FE9h
    39  0000                     fsr0h equ 0FEAh
    40  0000                     fsr0l equ 0FE9h
    41  0000                     fsr1 equ 0FE1h
    42  0000                     fsr1h equ 0FE2h
    43  0000                     fsr1l equ 0FE1h
    44  0000                     fsr2 equ 0FD9h
    45  0000                     fsr2h equ 0FDAh
    46  0000                     fsr2l equ 0FD9h
    47  0000                     indf0 equ 0FEFh
    48  0000                     indf1 equ 0FE7h
    49  0000                     indf2 equ 0FDFh
    50  0000                     intcon equ 0FF2h
    51  0000                     nvmcon equ 00h
    52  0000                     pcl equ 0FF9h
    53  0000                     pclath equ 0FFAh
    54  0000                     pclatu equ 0FFBh
    55  0000                     plusw0 equ 0FEBh
    56  0000                     plusw1 equ 0FE3h
    57  0000                     plusw2 equ 0FDBh
    58  0000                     postdec0 equ 0FEDh
    59  0000                     postdec1 equ 0FE5h
    60  0000                     postdec2 equ 0FDDh
    61  0000                     postinc0 equ 0FEEh
    62  0000                     postinc1 equ 0FE6h
    63  0000                     postinc2 equ 0FDEh
    64  0000                     preinc0 equ 0FECh
    65  0000                     preinc1 equ 0FE4h
    66  0000                     preinc2 equ 0FDCh
    67  0000                     prod equ 0FF3h
    68  0000                     prodh equ 0FF4h
    69  0000                     prodl equ 0FF3h
    70  0000                     status equ 0FD8h
    71  0000                     tablat equ 0FF5h
    72  0000                     tblptr equ 0FF6h
    73  0000                     tblptrh equ 0FF7h
    74  0000                     tblptrl equ 0FF6h
    75  0000                     tblptru equ 0FF8h
    76  0000                     tosl equ 0FFDh
    77  0000                     wreg equ 0FE8h
    78  0000                     
     2                           opt pagewidth 120
     3  0000                     byte0	macro	val
     4                           	(getbyte(val,0))
     5                           endm
     6  0000                     byte1	macro	val
     7                           	(getbyte(val,1))
     8                           endm
     9  0000                     byte2	macro	val
    10                           	(getbyte(val,2))
    11                           endm
    12  0000                     byte3	macro	val
    13                           	(getbyte(val,3))
    14                           endm
    15  0000                     byte4	macro	val
    16                           	(getbyte(val,4))
    17                           endm
    18  0000                     byte5	macro	val
    19                           	(getbyte(val,5))
    20                           endm
    21  0000                     byte6	macro	val
    22                           	(getbyte(val,6))
    23                           endm
    24  0000                     byte7	macro	val
    25                           	(getbyte(val,7))
    26                           endm
    27  0000                     getword	macro	val,pos
    28                           	(((val) >> (8 * pos)) and 0xffff)
    29                           endm
    30  0000                     word0	macro	val
    31                           	(getword(val,0))
    32                           endm
    33  0000                     word1	macro	val
    34                           	(getword(val,2))
    35                           endm
    36  0000                     word2	macro	val
    37                           	(getword(val,4))
    38                           endm
    39  0000                     word3	macro	val
    40                           	(getword(val,6))
    41                           endm
    42  0000                     gettword	macro	val,pos
    43                           	(((val) >> (8 * pos)) and 0xffffff)
    44                           endm
    45  0000                     tword0	macro	val
    46                           	(gettword(val,0))
    47                           endm
    48  0000                     tword1	macro	val
    49                           	(gettword(val,3))
    50                           endm
    51  0000                     tword2	macro	val
    52                           	(gettword(val,6))
    53                           endm
    54  0000                     getdword	macro	val,pos
    55                           	(((val) >> (8 * pos)) and 0xffffffff)
    56                           endm
    57  0000                     dword0	macro	val
    58                           	(getdword(val,0))
    59                           endm
    60  0000                     dword1	macro	val
    61                           	(getdword(val,4))
    62                           endm
    63  0000                     clrc   macro
    64                           	bcf	status,0
    65                           endm
    66  0000                     setc   macro
    67                           	bsf	status,0
    68                           endm
    69  0000                     clrz   macro
    70                           	bcf	status,2
    71                           endm
    72  0000                     setz   macro
    73                           	bsf	status,2
    74                           endm
    75  0000                     skipnz macro
    76                           	btfsc	status,2
    77                           endm
    78  0000                     skipz  macro
    79                           	btfss	status,2
    80                           endm
    81  0000                     skipnc macro
    82                           	btfsc	status,0
    83                           endm
    84  0000                     skipc  macro
    85                           	btfss	status,0
    86                           endm
    87  0000                     pushw macro
    88                           	movwf postinc1
    89                           endm
    90  0000                     pushf macro arg1
    91                           	movff arg1, postinc1
    92                           endm
    93  0000                     popw macro
    94                           	movf postdec1,f
    95                           	movf indf1,w
    96                           endm
    97  0000                     popf macro arg1
    98                           	movf postdec1,f
    99                           	movff indf1,arg1
   100                           endm
   101  0000                     popfc macro arg1
   102                           	movff plusw1,arg1
   103                           	decfsz fsr1,f
   104                           endm
   105  0000                     	global	__ramtop
   106                           	global	__accesstop
   107                           # 54 "C:\Program Files (x86)\Microchip\xc8\v2.00\pic\include\pic18f4520.h"
   108                           PORTA equ 0F80h ;# 
   109  0000                     # 273 "C:\Program Files (x86)\Microchip\xc8\v2.00\pic\include\pic18f4520.h"
   110                           PORTB equ 0F81h ;# 
   111  0000                     # 452 "C:\Program Files (x86)\Microchip\xc8\v2.00\pic\include\pic18f4520.h"
   112                           PORTC equ 0F82h ;# 
   113  0000                     # 634 "C:\Program Files (x86)\Microchip\xc8\v2.00\pic\include\pic18f4520.h"
   114                           PORTD equ 0F83h ;# 
   115  0000                     # 776 "C:\Program Files (x86)\Microchip\xc8\v2.00\pic\include\pic18f4520.h"
   116                           PORTE equ 0F84h ;# 
   117  0000                     # 979 "C:\Program Files (x86)\Microchip\xc8\v2.00\pic\include\pic18f4520.h"
   118                           LATA equ 0F89h ;# 
   119  0000                     # 1091 "C:\Program Files (x86)\Microchip\xc8\v2.00\pic\include\pic18f4520.h"
   120                           LATB equ 0F8Ah ;# 
   121  0000                     # 1203 "C:\Program Files (x86)\Microchip\xc8\v2.00\pic\include\pic18f4520.h"
   122                           LATC equ 0F8Bh ;# 
   123  0000                     # 1315 "C:\Program Files (x86)\Microchip\xc8\v2.00\pic\include\pic18f4520.h"
   124                           LATD equ 0F8Ch ;# 
   125  0000                     # 1427 "C:\Program Files (x86)\Microchip\xc8\v2.00\pic\include\pic18f4520.h"
   126                           LATE equ 0F8Dh ;# 
   127  0000                     # 1479 "C:\Program Files (x86)\Microchip\xc8\v2.00\pic\include\pic18f4520.h"
   128                           TRISA equ 0F92h ;# 
   129  0000                     # 1484 "C:\Program Files (x86)\Microchip\xc8\v2.00\pic\include\pic18f4520.h"
   130                           DDRA equ 0F92h ;# 
   131  0000                     # 1701 "C:\Program Files (x86)\Microchip\xc8\v2.00\pic\include\pic18f4520.h"
   132                           TRISB equ 0F93h ;# 
   133  0000                     # 1706 "C:\Program Files (x86)\Microchip\xc8\v2.00\pic\include\pic18f4520.h"
   134                           DDRB equ 0F93h ;# 
   135  0000                     # 1923 "C:\Program Files (x86)\Microchip\xc8\v2.00\pic\include\pic18f4520.h"
   136                           TRISC equ 0F94h ;# 
   137  0000                     # 1928 "C:\Program Files (x86)\Microchip\xc8\v2.00\pic\include\pic18f4520.h"
   138                           DDRC equ 0F94h ;# 
   139  0000                     # 2145 "C:\Program Files (x86)\Microchip\xc8\v2.00\pic\include\pic18f4520.h"
   140                           TRISD equ 0F95h ;# 
   141  0000                     # 2150 "C:\Program Files (x86)\Microchip\xc8\v2.00\pic\include\pic18f4520.h"
   142                           DDRD equ 0F95h ;# 
   143  0000                     # 2367 "C:\Program Files (x86)\Microchip\xc8\v2.00\pic\include\pic18f4520.h"
   144                           TRISE equ 0F96h ;# 
   145  0000                     # 2372 "C:\Program Files (x86)\Microchip\xc8\v2.00\pic\include\pic18f4520.h"
   146                           DDRE equ 0F96h ;# 
   147  0000                     # 2531 "C:\Program Files (x86)\Microchip\xc8\v2.00\pic\include\pic18f4520.h"
   148                           OSCTUNE equ 0F9Bh ;# 
   149  0000                     # 2596 "C:\Program Files (x86)\Microchip\xc8\v2.00\pic\include\pic18f4520.h"
   150                           PIE1 equ 0F9Dh ;# 
   151  0000                     # 2673 "C:\Program Files (x86)\Microchip\xc8\v2.00\pic\include\pic18f4520.h"
   152                           PIR1 equ 0F9Eh ;# 
   153  0000                     # 2750 "C:\Program Files (x86)\Microchip\xc8\v2.00\pic\include\pic18f4520.h"
   154                           IPR1 equ 0F9Fh ;# 
   155  0000                     # 2827 "C:\Program Files (x86)\Microchip\xc8\v2.00\pic\include\pic18f4520.h"
   156                           PIE2 equ 0FA0h ;# 
   157  0000                     # 2893 "C:\Program Files (x86)\Microchip\xc8\v2.00\pic\include\pic18f4520.h"
   158                           PIR2 equ 0FA1h ;# 
   159  0000                     # 2959 "C:\Program Files (x86)\Microchip\xc8\v2.00\pic\include\pic18f4520.h"
   160                           IPR2 equ 0FA2h ;# 
   161  0000                     # 3025 "C:\Program Files (x86)\Microchip\xc8\v2.00\pic\include\pic18f4520.h"
   162                           EECON1 equ 0FA6h ;# 
   163  0000                     # 3091 "C:\Program Files (x86)\Microchip\xc8\v2.00\pic\include\pic18f4520.h"
   164                           EECON2 equ 0FA7h ;# 
   165  0000                     # 3098 "C:\Program Files (x86)\Microchip\xc8\v2.00\pic\include\pic18f4520.h"
   166                           EEDATA equ 0FA8h ;# 
   167  0000                     # 3105 "C:\Program Files (x86)\Microchip\xc8\v2.00\pic\include\pic18f4520.h"
   168                           EEADR equ 0FA9h ;# 
   169  0000                     # 3112 "C:\Program Files (x86)\Microchip\xc8\v2.00\pic\include\pic18f4520.h"
   170                           RCSTA equ 0FABh ;# 
   171  0000                     # 3117 "C:\Program Files (x86)\Microchip\xc8\v2.00\pic\include\pic18f4520.h"
   172                           RCSTA1 equ 0FABh ;# 
   173  0000                     # 3322 "C:\Program Files (x86)\Microchip\xc8\v2.00\pic\include\pic18f4520.h"
   174                           TXSTA equ 0FACh ;# 
   175  0000                     # 3327 "C:\Program Files (x86)\Microchip\xc8\v2.00\pic\include\pic18f4520.h"
   176                           TXSTA1 equ 0FACh ;# 
   177  0000                     # 3578 "C:\Program Files (x86)\Microchip\xc8\v2.00\pic\include\pic18f4520.h"
   178                           TXREG equ 0FADh ;# 
   179  0000                     # 3583 "C:\Program Files (x86)\Microchip\xc8\v2.00\pic\include\pic18f4520.h"
   180                           TXREG1 equ 0FADh ;# 
   181  0000                     # 3590 "C:\Program Files (x86)\Microchip\xc8\v2.00\pic\include\pic18f4520.h"
   182                           RCREG equ 0FAEh ;# 
   183  0000                     # 3595 "C:\Program Files (x86)\Microchip\xc8\v2.00\pic\include\pic18f4520.h"
   184                           RCREG1 equ 0FAEh ;# 
   185  0000                     # 3602 "C:\Program Files (x86)\Microchip\xc8\v2.00\pic\include\pic18f4520.h"
   186                           SPBRG equ 0FAFh ;# 
   187  0000                     # 3607 "C:\Program Files (x86)\Microchip\xc8\v2.00\pic\include\pic18f4520.h"
   188                           SPBRG1 equ 0FAFh ;# 
   189  0000                     # 3614 "C:\Program Files (x86)\Microchip\xc8\v2.00\pic\include\pic18f4520.h"
   190                           SPBRGH equ 0FB0h ;# 
   191  0000                     # 3621 "C:\Program Files (x86)\Microchip\xc8\v2.00\pic\include\pic18f4520.h"
   192                           T3CON equ 0FB1h ;# 
   193  0000                     # 3733 "C:\Program Files (x86)\Microchip\xc8\v2.00\pic\include\pic18f4520.h"
   194                           TMR3 equ 0FB2h ;# 
   195  0000                     # 3740 "C:\Program Files (x86)\Microchip\xc8\v2.00\pic\include\pic18f4520.h"
   196                           TMR3L equ 0FB2h ;# 
   197  0000                     # 3747 "C:\Program Files (x86)\Microchip\xc8\v2.00\pic\include\pic18f4520.h"
   198                           TMR3H equ 0FB3h ;# 
   199  0000                     # 3754 "C:\Program Files (x86)\Microchip\xc8\v2.00\pic\include\pic18f4520.h"
   200                           CMCON equ 0FB4h ;# 
   201  0000                     # 3844 "C:\Program Files (x86)\Microchip\xc8\v2.00\pic\include\pic18f4520.h"
   202                           CVRCON equ 0FB5h ;# 
   203  0000                     # 3923 "C:\Program Files (x86)\Microchip\xc8\v2.00\pic\include\pic18f4520.h"
   204                           ECCP1AS equ 0FB6h ;# 
   205  0000                     # 3928 "C:\Program Files (x86)\Microchip\xc8\v2.00\pic\include\pic18f4520.h"
   206                           ECCPAS equ 0FB6h ;# 
   207  0000                     # 4085 "C:\Program Files (x86)\Microchip\xc8\v2.00\pic\include\pic18f4520.h"
   208                           PWM1CON equ 0FB7h ;# 
   209  0000                     # 4090 "C:\Program Files (x86)\Microchip\xc8\v2.00\pic\include\pic18f4520.h"
   210                           ECCP1DEL equ 0FB7h ;# 
   211  0000                     # 4223 "C:\Program Files (x86)\Microchip\xc8\v2.00\pic\include\pic18f4520.h"
   212                           BAUDCON equ 0FB8h ;# 
   213  0000                     # 4228 "C:\Program Files (x86)\Microchip\xc8\v2.00\pic\include\pic18f4520.h"
   214                           BAUDCTL equ 0FB8h ;# 
   215  0000                     # 4403 "C:\Program Files (x86)\Microchip\xc8\v2.00\pic\include\pic18f4520.h"
   216                           CCP2CON equ 0FBAh ;# 
   217  0000                     # 4482 "C:\Program Files (x86)\Microchip\xc8\v2.00\pic\include\pic18f4520.h"
   218                           CCPR2 equ 0FBBh ;# 
   219  0000                     # 4489 "C:\Program Files (x86)\Microchip\xc8\v2.00\pic\include\pic18f4520.h"
   220                           CCPR2L equ 0FBBh ;# 
   221  0000                     # 4496 "C:\Program Files (x86)\Microchip\xc8\v2.00\pic\include\pic18f4520.h"
   222                           CCPR2H equ 0FBCh ;# 
   223  0000                     # 4503 "C:\Program Files (x86)\Microchip\xc8\v2.00\pic\include\pic18f4520.h"
   224                           CCP1CON equ 0FBDh ;# 
   225  0000                     # 4600 "C:\Program Files (x86)\Microchip\xc8\v2.00\pic\include\pic18f4520.h"
   226                           CCPR1 equ 0FBEh ;# 
   227  0000                     # 4607 "C:\Program Files (x86)\Microchip\xc8\v2.00\pic\include\pic18f4520.h"
   228                           CCPR1L equ 0FBEh ;# 
   229  0000                     # 4614 "C:\Program Files (x86)\Microchip\xc8\v2.00\pic\include\pic18f4520.h"
   230                           CCPR1H equ 0FBFh ;# 
   231  0000                     # 4621 "C:\Program Files (x86)\Microchip\xc8\v2.00\pic\include\pic18f4520.h"
   232                           ADCON2 equ 0FC0h ;# 
   233  0000                     # 4692 "C:\Program Files (x86)\Microchip\xc8\v2.00\pic\include\pic18f4520.h"
   234                           ADCON1 equ 0FC1h ;# 
   235  0000                     # 4777 "C:\Program Files (x86)\Microchip\xc8\v2.00\pic\include\pic18f4520.h"
   236                           ADCON0 equ 0FC2h ;# 
   237  0000                     # 4896 "C:\Program Files (x86)\Microchip\xc8\v2.00\pic\include\pic18f4520.h"
   238                           ADRES equ 0FC3h ;# 
   239  0000                     # 4903 "C:\Program Files (x86)\Microchip\xc8\v2.00\pic\include\pic18f4520.h"
   240                           ADRESL equ 0FC3h ;# 
   241  0000                     # 4910 "C:\Program Files (x86)\Microchip\xc8\v2.00\pic\include\pic18f4520.h"
   242                           ADRESH equ 0FC4h ;# 
   243  0000                     # 4917 "C:\Program Files (x86)\Microchip\xc8\v2.00\pic\include\pic18f4520.h"
   244                           SSPCON2 equ 0FC5h ;# 
   245  0000                     # 5012 "C:\Program Files (x86)\Microchip\xc8\v2.00\pic\include\pic18f4520.h"
   246                           SSPCON1 equ 0FC6h ;# 
   247  0000                     # 5082 "C:\Program Files (x86)\Microchip\xc8\v2.00\pic\include\pic18f4520.h"
   248                           SSPSTAT equ 0FC7h ;# 
   249  0000                     # 5303 "C:\Program Files (x86)\Microchip\xc8\v2.00\pic\include\pic18f4520.h"
   250                           SSPADD equ 0FC8h ;# 
   251  0000                     # 5310 "C:\Program Files (x86)\Microchip\xc8\v2.00\pic\include\pic18f4520.h"
   252                           SSPBUF equ 0FC9h ;# 
   253  0000                     # 5317 "C:\Program Files (x86)\Microchip\xc8\v2.00\pic\include\pic18f4520.h"
   254                           T2CON equ 0FCAh ;# 
   255  0000                     # 5415 "C:\Program Files (x86)\Microchip\xc8\v2.00\pic\include\pic18f4520.h"
   256                           PR2 equ 0FCBh ;# 
   257  0000                     # 5420 "C:\Program Files (x86)\Microchip\xc8\v2.00\pic\include\pic18f4520.h"
   258                           MEMCON equ 0FCBh ;# 
   259  0000                     # 5525 "C:\Program Files (x86)\Microchip\xc8\v2.00\pic\include\pic18f4520.h"
   260                           TMR2 equ 0FCCh ;# 
   261  0000                     # 5532 "C:\Program Files (x86)\Microchip\xc8\v2.00\pic\include\pic18f4520.h"
   262                           T1CON equ 0FCDh ;# 
   263  0000                     # 5635 "C:\Program Files (x86)\Microchip\xc8\v2.00\pic\include\pic18f4520.h"
   264                           TMR1 equ 0FCEh ;# 
   265  0000                     # 5642 "C:\Program Files (x86)\Microchip\xc8\v2.00\pic\include\pic18f4520.h"
   266                           TMR1L equ 0FCEh ;# 
   267  0000                     # 5649 "C:\Program Files (x86)\Microchip\xc8\v2.00\pic\include\pic18f4520.h"
   268                           TMR1H equ 0FCFh ;# 
   269  0000                     # 5656 "C:\Program Files (x86)\Microchip\xc8\v2.00\pic\include\pic18f4520.h"
   270                           RCON equ 0FD0h ;# 
   271  0000                     # 5789 "C:\Program Files (x86)\Microchip\xc8\v2.00\pic\include\pic18f4520.h"
   272                           WDTCON equ 0FD1h ;# 
   273  0000                     # 5817 "C:\Program Files (x86)\Microchip\xc8\v2.00\pic\include\pic18f4520.h"
   274                           HLVDCON equ 0FD2h ;# 
   275  0000                     # 5822 "C:\Program Files (x86)\Microchip\xc8\v2.00\pic\include\pic18f4520.h"
   276                           LVDCON equ 0FD2h ;# 
   277  0000                     # 6087 "C:\Program Files (x86)\Microchip\xc8\v2.00\pic\include\pic18f4520.h"
   278                           OSCCON equ 0FD3h ;# 
   279  0000                     # 6170 "C:\Program Files (x86)\Microchip\xc8\v2.00\pic\include\pic18f4520.h"
   280                           T0CON equ 0FD5h ;# 
   281  0000                     # 6253 "C:\Program Files (x86)\Microchip\xc8\v2.00\pic\include\pic18f4520.h"
   282                           TMR0 equ 0FD6h ;# 
   283  0000                     # 6260 "C:\Program Files (x86)\Microchip\xc8\v2.00\pic\include\pic18f4520.h"
   284                           TMR0L equ 0FD6h ;# 
   285  0000                     # 6267 "C:\Program Files (x86)\Microchip\xc8\v2.00\pic\include\pic18f4520.h"
   286                           TMR0H equ 0FD7h ;# 
   287  0000                     # 6274 "C:\Program Files (x86)\Microchip\xc8\v2.00\pic\include\pic18f4520.h"
   288                           STATUS equ 0FD8h ;# 
   289  0000                     # 6345 "C:\Program Files (x86)\Microchip\xc8\v2.00\pic\include\pic18f4520.h"
   290                           FSR2 equ 0FD9h ;# 
   291  0000                     # 6352 "C:\Program Files (x86)\Microchip\xc8\v2.00\pic\include\pic18f4520.h"
   292                           FSR2L equ 0FD9h ;# 
   293  0000                     # 6359 "C:\Program Files (x86)\Microchip\xc8\v2.00\pic\include\pic18f4520.h"
   294                           FSR2H equ 0FDAh ;# 
   295  0000                     # 6366 "C:\Program Files (x86)\Microchip\xc8\v2.00\pic\include\pic18f4520.h"
   296                           PLUSW2 equ 0FDBh ;# 
   297  0000                     # 6373 "C:\Program Files (x86)\Microchip\xc8\v2.00\pic\include\pic18f4520.h"
   298                           PREINC2 equ 0FDCh ;# 
   299  0000                     # 6380 "C:\Program Files (x86)\Microchip\xc8\v2.00\pic\include\pic18f4520.h"
   300                           POSTDEC2 equ 0FDDh ;# 
   301  0000                     # 6387 "C:\Program Files (x86)\Microchip\xc8\v2.00\pic\include\pic18f4520.h"
   302                           POSTINC2 equ 0FDEh ;# 
   303  0000                     # 6394 "C:\Program Files (x86)\Microchip\xc8\v2.00\pic\include\pic18f4520.h"
   304                           INDF2 equ 0FDFh ;# 
   305  0000                     # 6401 "C:\Program Files (x86)\Microchip\xc8\v2.00\pic\include\pic18f4520.h"
   306                           BSR equ 0FE0h ;# 
   307  0000                     # 6408 "C:\Program Files (x86)\Microchip\xc8\v2.00\pic\include\pic18f4520.h"
   308                           FSR1 equ 0FE1h ;# 
   309  0000                     # 6415 "C:\Program Files (x86)\Microchip\xc8\v2.00\pic\include\pic18f4520.h"
   310                           FSR1L equ 0FE1h ;# 
   311  0000                     # 6422 "C:\Program Files (x86)\Microchip\xc8\v2.00\pic\include\pic18f4520.h"
   312                           FSR1H equ 0FE2h ;# 
   313  0000                     # 6429 "C:\Program Files (x86)\Microchip\xc8\v2.00\pic\include\pic18f4520.h"
   314                           PLUSW1 equ 0FE3h ;# 
   315  0000                     # 6436 "C:\Program Files (x86)\Microchip\xc8\v2.00\pic\include\pic18f4520.h"
   316                           PREINC1 equ 0FE4h ;# 
   317  0000                     # 6443 "C:\Program Files (x86)\Microchip\xc8\v2.00\pic\include\pic18f4520.h"
   318                           POSTDEC1 equ 0FE5h ;# 
   319  0000                     # 6450 "C:\Program Files (x86)\Microchip\xc8\v2.00\pic\include\pic18f4520.h"
   320                           POSTINC1 equ 0FE6h ;# 
   321  0000                     # 6457 "C:\Program Files (x86)\Microchip\xc8\v2.00\pic\include\pic18f4520.h"
   322                           INDF1 equ 0FE7h ;# 
   323  0000                     # 6464 "C:\Program Files (x86)\Microchip\xc8\v2.00\pic\include\pic18f4520.h"
   324                           WREG equ 0FE8h ;# 
   325  0000                     # 6476 "C:\Program Files (x86)\Microchip\xc8\v2.00\pic\include\pic18f4520.h"
   326                           FSR0 equ 0FE9h ;# 
   327  0000                     # 6483 "C:\Program Files (x86)\Microchip\xc8\v2.00\pic\include\pic18f4520.h"
   328                           FSR0L equ 0FE9h ;# 
   329  0000                     # 6490 "C:\Program Files (x86)\Microchip\xc8\v2.00\pic\include\pic18f4520.h"
   330                           FSR0H equ 0FEAh ;# 
   331  0000                     # 6497 "C:\Program Files (x86)\Microchip\xc8\v2.00\pic\include\pic18f4520.h"
   332                           PLUSW0 equ 0FEBh ;# 
   333  0000                     # 6504 "C:\Program Files (x86)\Microchip\xc8\v2.00\pic\include\pic18f4520.h"
   334                           PREINC0 equ 0FECh ;# 
   335  0000                     # 6511 "C:\Program Files (x86)\Microchip\xc8\v2.00\pic\include\pic18f4520.h"
   336                           POSTDEC0 equ 0FEDh ;# 
   337  0000                     # 6518 "C:\Program Files (x86)\Microchip\xc8\v2.00\pic\include\pic18f4520.h"
   338                           POSTINC0 equ 0FEEh ;# 
   339  0000                     # 6525 "C:\Program Files (x86)\Microchip\xc8\v2.00\pic\include\pic18f4520.h"
   340                           INDF0 equ 0FEFh ;# 
   341  0000                     # 6532 "C:\Program Files (x86)\Microchip\xc8\v2.00\pic\include\pic18f4520.h"
   342                           INTCON3 equ 0FF0h ;# 
   343  0000                     # 6624 "C:\Program Files (x86)\Microchip\xc8\v2.00\pic\include\pic18f4520.h"
   344                           INTCON2 equ 0FF1h ;# 
   345  0000                     # 6694 "C:\Program Files (x86)\Microchip\xc8\v2.00\pic\include\pic18f4520.h"
   346                           INTCON equ 0FF2h ;# 
   347  0000                     # 6811 "C:\Program Files (x86)\Microchip\xc8\v2.00\pic\include\pic18f4520.h"
   348                           PROD equ 0FF3h ;# 
   349  0000                     # 6818 "C:\Program Files (x86)\Microchip\xc8\v2.00\pic\include\pic18f4520.h"
   350                           PRODL equ 0FF3h ;# 
   351  0000                     # 6825 "C:\Program Files (x86)\Microchip\xc8\v2.00\pic\include\pic18f4520.h"
   352                           PRODH equ 0FF4h ;# 
   353  0000                     # 6832 "C:\Program Files (x86)\Microchip\xc8\v2.00\pic\include\pic18f4520.h"
   354                           TABLAT equ 0FF5h ;# 
   355  0000                     # 6841 "C:\Program Files (x86)\Microchip\xc8\v2.00\pic\include\pic18f4520.h"
   356                           TBLPTR equ 0FF6h ;# 
   357  0000                     # 6848 "C:\Program Files (x86)\Microchip\xc8\v2.00\pic\include\pic18f4520.h"
   358                           TBLPTRL equ 0FF6h ;# 
   359  0000                     # 6855 "C:\Program Files (x86)\Microchip\xc8\v2.00\pic\include\pic18f4520.h"
   360                           TBLPTRH equ 0FF7h ;# 
   361  0000                     # 6862 "C:\Program Files (x86)\Microchip\xc8\v2.00\pic\include\pic18f4520.h"
   362                           TBLPTRU equ 0FF8h ;# 
   363  0000                     # 6871 "C:\Program Files (x86)\Microchip\xc8\v2.00\pic\include\pic18f4520.h"
   364                           PCLAT equ 0FF9h ;# 
   365  0000                     # 6878 "C:\Program Files (x86)\Microchip\xc8\v2.00\pic\include\pic18f4520.h"
   366                           PC equ 0FF9h ;# 
   367  0000                     # 6885 "C:\Program Files (x86)\Microchip\xc8\v2.00\pic\include\pic18f4520.h"
   368                           PCL equ 0FF9h ;# 
   369  0000                     # 6892 "C:\Program Files (x86)\Microchip\xc8\v2.00\pic\include\pic18f4520.h"
   370                           PCLATH equ 0FFAh ;# 
   371  0000                     # 6899 "C:\Program Files (x86)\Microchip\xc8\v2.00\pic\include\pic18f4520.h"
   372                           PCLATU equ 0FFBh ;# 
   373  0000                     # 6906 "C:\Program Files (x86)\Microchip\xc8\v2.00\pic\include\pic18f4520.h"
   374                           STKPTR equ 0FFCh ;# 
   375  0000                     # 6980 "C:\Program Files (x86)\Microchip\xc8\v2.00\pic\include\pic18f4520.h"
   376                           TOS equ 0FFDh ;# 
   377  0000                     # 6987 "C:\Program Files (x86)\Microchip\xc8\v2.00\pic\include\pic18f4520.h"
   378                           TOSL equ 0FFDh ;# 
   379  0000                     # 6994 "C:\Program Files (x86)\Microchip\xc8\v2.00\pic\include\pic18f4520.h"
   380                           TOSH equ 0FFEh ;# 
   381  0000                     # 7001 "C:\Program Files (x86)\Microchip\xc8\v2.00\pic\include\pic18f4520.h"
   382                           TOSU equ 0FFFh ;# 
   383  0000                     	FNCALL	_main,_adc_init
   384                           	FNCALL	_main,_ccp2_init
   385                           	FNCALL	_main,_tmr_init
   386                           	FNROOT	_main
   387                           	FNCALL	intlevel2,_Hi_ISR
   388                           	global	intlevel2
   389                           	FNROOT	intlevel2
   390                           	global	_result
   391                           	global	_index
   392                           	global	_CCPR2
   393                           _CCPR2	set	0xFBB
   394  0000                     	global	_TMR3
   395                           _TMR3	set	0xFB2
   396  0000                     	global	_ADRES
   397                           _ADRES	set	0xFC3
   398  0000                     	global	_T3CONbits
   399                           _T3CONbits	set	0xFB1
   400  0000                     	global	_IPR2bits
   401                           _IPR2bits	set	0xFA2
   402  0000                     	global	_PIE2bits
   403                           _PIE2bits	set	0xFA0
   404  0000                     	global	_CCP2CONbits
   405                           _CCP2CONbits	set	0xFBA
   406  0000                     	global	_OSCCONbits
   407                           _OSCCONbits	set	0xFD3
   408  0000                     	global	_INTCONbits
   409                           _INTCONbits	set	0xFF2
   410  0000                     	global	_RCONbits
   411                           _RCONbits	set	0xFD0
   412  0000                     	global	_ADCON2bits
   413                           _ADCON2bits	set	0xFC0
   414  0000                     	global	_ADCON1bits
   415                           _ADCON1bits	set	0xFC1
   416  0000                     	global	_TRISEbits
   417                           _TRISEbits	set	0xF96
   418  0000                     	global	_ADCON0bits
   419                           _ADCON0bits	set	0xFC2
   420  0000                     	global	_PIR2bits
   421                           _PIR2bits	set	0xFA1
   422  0000                     	global	_PIR1bits
   423                           _PIR1bits	set	0xF9E
   424  0000                     ; #config settings
   425                           global __CFG_OSC$INTIO67
   426                           __CFG_OSC$INTIO67 equ 0x0
   427  0000                     global __CFG_WDT$OFF
   428                           __CFG_WDT$OFF equ 0x0
   429  0000                     global __CFG_LVP$OFF
   430                           __CFG_LVP$OFF equ 0x0
   431  0000                     	file	"C:\Users\Divik\AppData\Local\Temp\s124."
   432                           	line	#
   433                           psect	cinit,class=CODE,delta=1,reloc=2
   434                           global __pcinit
   435                           __pcinit:
   436  0000F0                     global start_initialization
   437                           start_initialization:
   438  0000F0                     
   439                           global __initialization
   440                           __initialization:
   441  0000F0                     psect	bssCOMRAM,class=COMRAM,space=1,noexec
   442                           global __pbssCOMRAM
   443                           __pbssCOMRAM:
   444  000001                     	global	_result
   445                           _result:
   446  000001                            ds      16
   447  000001                     	global	_index
   448                           _index:
   449  000011                            ds      2
   450  000011                     	file	"C:\Users\Divik\AppData\Local\Temp\s124."
   451                           	line	#
   452                           psect	cinit
   453                           ; Clear objects allocated to COMRAM (18 bytes)
   454                           	global __pbssCOMRAM
   455                           lfsr	0,__pbssCOMRAM
   456  0000F0  EE00  F001         movlw	18
   457  0000F4  0E12               clear_0:
   458  0000F6                     clrf	postinc0,c
   459  0000F6  6AEE               decf	wreg
   460  0000F8  06E8               bnz	clear_0
   461  0000FA  E1FD               psect cinit,class=CODE,delta=1
   462                           global end_of_initialization,__end_of__initialization
   463                           
   464                           ;End of C runtime variable initialization code
   465                           
   466                           end_of_initialization:
   467  0000FC                     __end_of__initialization:
   468  0000FC                     	bcf int$flags,0,c ;clear compiler interrupt flag (level 1)
   469  0000FC  9015               	bcf int$flags,1,c ;clear compiler interrupt flag (level 2)
   470  0000FE  9215               movlb 0
   471  000100  0100               goto _main	;jump to C main() function
   472  000102  EF83  F000         psect	cstackCOMRAM,class=COMRAM,space=1,noexec
   473                           global __pcstackCOMRAM
   474                           __pcstackCOMRAM:
   475  000013                     ?_adc_init:	; 1 bytes @ 0x0
   476  000013                     ?_ccp2_init:	; 1 bytes @ 0x0
   477  000013                     ?_tmr_init:	; 1 bytes @ 0x0
   478  000013                     ?_Hi_ISR:	; 1 bytes @ 0x0
   479  000013                     ??_Hi_ISR:	; 1 bytes @ 0x0
   480  000013                     ?_main:	; 1 bytes @ 0x0
   481  000013                     	ds   2
   482  000013                     ??_adc_init:	; 1 bytes @ 0x2
   483  000015                     ??_ccp2_init:	; 1 bytes @ 0x2
   484  000015                     ??_tmr_init:	; 1 bytes @ 0x2
   485  000015                     ??_main:	; 1 bytes @ 0x2
   486  000015                     ;!
   487                           ;!Data Sizes:
   488                           ;!    Strings     0
   489                           ;!    Constant    0
   490                           ;!    Data        0
   491                           ;!    BSS         18
   492                           ;!    Persistent  0
   493                           ;!    Stack       0
   494                           ;!
   495                           ;!Auto Spaces:
   496                           ;!    Space          Size  Autos    Used
   497                           ;!    COMRAM          126      2      20
   498                           ;!    BANK0           128      0       0
   499                           ;!    BANK1           256      0       0
   500                           ;!    BANK2           256      0       0
   501                           ;!    BANK3           256      0       0
   502                           ;!    BANK4           256      0       0
   503                           ;!    BANK5           256      0       0
   504                           
   505                           ;!
   506                           ;!Pointer List with Targets:
   507                           ;!
   508                           ;!    None.
   509                           
   510                           
   511                           ;!
   512                           ;!Critical Paths under _main in COMRAM
   513                           ;!
   514                           ;!    None.
   515                           ;!
   516                           ;!Critical Paths under _Hi_ISR in COMRAM
   517                           ;!
   518                           ;!    None.
   519                           ;!
   520                           ;!Critical Paths under _main in BANK0
   521                           ;!
   522                           ;!    None.
   523                           ;!
   524                           ;!Critical Paths under _Hi_ISR in BANK0
   525                           ;!
   526                           ;!    None.
   527                           ;!
   528                           ;!Critical Paths under _main in BANK1
   529                           ;!
   530                           ;!    None.
   531                           ;!
   532                           ;!Critical Paths under _Hi_ISR in BANK1
   533                           ;!
   534                           ;!    None.
   535                           ;!
   536                           ;!Critical Paths under _main in BANK2
   537                           ;!
   538                           ;!    None.
   539                           ;!
   540                           ;!Critical Paths under _Hi_ISR in BANK2
   541                           ;!
   542                           ;!    None.
   543                           ;!
   544                           ;!Critical Paths under _main in BANK3
   545                           ;!
   546                           ;!    None.
   547                           ;!
   548                           ;!Critical Paths under _Hi_ISR in BANK3
   549                           ;!
   550                           ;!    None.
   551                           ;!
   552                           ;!Critical Paths under _main in BANK4
   553                           ;!
   554                           ;!    None.
   555                           ;!
   556                           ;!Critical Paths under _Hi_ISR in BANK4
   557                           ;!
   558                           ;!    None.
   559                           ;!
   560                           ;!Critical Paths under _main in BANK5
   561                           ;!
   562                           ;!    None.
   563                           ;!
   564                           ;!Critical Paths under _Hi_ISR in BANK5
   565                           ;!
   566                           ;!    None.
   567                           
   568 ;;
   569 ;;Main: autosize = 0, tempsize = 0, incstack = 0, save=0
   570 ;;
   571                           
   572                           ;!
   573                           ;!Call Graph Tables:
   574                           ;!
   575                           ;! ---------------------------------------------------------------------------------
   576                           ;! (Depth) Function   	        Calls       Base Space   Used Autos Params    Refs
   577                           ;! ---------------------------------------------------------------------------------
   578                           ;! (0) _main                                                 0     0      0       0
   579                           ;!                           _adc_init
   580                           ;!                          _ccp2_init
   581                           ;!                           _tmr_init
   582                           ;! ---------------------------------------------------------------------------------
   583                           ;! (1) _tmr_init                                             0     0      0       0
   584                           ;! ---------------------------------------------------------------------------------
   585                           ;! (1) _ccp2_init                                            0     0      0       0
   586                           ;! ---------------------------------------------------------------------------------
   587                           ;! (1) _adc_init                                             0     0      0       0
   588                           ;! ---------------------------------------------------------------------------------
   589                           ;! Estimated maximum stack depth 1
   590                           ;! ---------------------------------------------------------------------------------
   591                           ;! (Depth) Function   	        Calls       Base Space   Used Autos Params    Refs
   592                           ;! ---------------------------------------------------------------------------------
   593                           ;! (2) _Hi_ISR                                               2     2      0       0
   594                           ;!                                              0 COMRAM     2     2      0
   595                           ;! ---------------------------------------------------------------------------------
   596                           ;! Estimated maximum stack depth 2
   597                           ;! ---------------------------------------------------------------------------------
   598                           ;!
   599                           ;! Call Graph Graphs:
   600                           ;!
   601                           ;! _main (ROOT)
   602                           ;!   _adc_init
   603                           ;!   _ccp2_init
   604                           ;!   _tmr_init
   605                           ;!
   606                           ;! _Hi_ISR (ROOT)
   607                           ;!
   608                           
   609                           ;! Address spaces:
   610                           
   611                           ;!Name               Size   Autos  Total    Cost      Usage
   612                           ;!BIGRAM             5FF      0       0      17        0.0%
   613                           ;!EEDATA             100      0       0       0        0.0%
   614                           ;!BITBANK5           100      0       0      16        0.0%
   615                           ;!BANK5              100      0       0      14        0.0%
   616                           ;!BITBANK4           100      0       0      12        0.0%
   617                           ;!BANK4              100      0       0      13        0.0%
   618                           ;!BITBANK3           100      0       0      10        0.0%
   619                           ;!BANK3              100      0       0      11        0.0%
   620                           ;!BITBANK2           100      0       0       8        0.0%
   621                           ;!BANK2              100      0       0       9        0.0%
   622                           ;!BITBANK1           100      0       0       6        0.0%
   623                           ;!BANK1              100      0       0       7        0.0%
   624                           ;!BITBANK0            80      0       0       4        0.0%
   625                           ;!BANK0               80      0       0       5        0.0%
   626                           ;!BITCOMRAM           7E      0       0       0        0.0%
   627                           ;!COMRAM              7E      2      14       1       15.9%
   628                           ;!BITSFR               0      0       0     200        0.0%
   629                           ;!SFR                  0      0       0     200        0.0%
   630                           ;!STACK                0      0       0       2        0.0%
   631                           ;!NULL                 0      0       0       0        0.0%
   632                           ;!ABS                  0      0      14      15        0.0%
   633                           ;!DATA                 0      0      14       3        0.0%
   634                           ;!CODE                 0      0       0       0        0.0%
   635                           
   636                           	global	_main
   637                           
   638 ;; *************** function _main *****************
   639 ;; Defined at:
   640 ;;		line 31 in file "newmain.c"
   641 ;; Parameters:    Size  Location     Type
   642 ;;		None
   643 ;; Auto vars:     Size  Location     Type
   644 ;;		None
   645 ;; Return value:  Size  Location     Type
   646 ;;                  1    wreg      void 
   647 ;; Registers used:
   648 ;;		wreg, status,2, cstack
   649 ;; Tracked objects:
   650 ;;		On entry : 0/0
   651 ;;		On exit  : 0/0
   652 ;;		Unchanged: 0/0
   653 ;; Data sizes:     COMRAM   BANK0   BANK1   BANK2   BANK3   BANK4   BANK5
   654 ;;      Params:         0       0       0       0       0       0       0
   655 ;;      Locals:         0       0       0       0       0       0       0
   656 ;;      Temps:          0       0       0       0       0       0       0
   657 ;;      Totals:         0       0       0       0       0       0       0
   658 ;;Total ram usage:        0 bytes
   659 ;; Hardware stack levels required when called:    2
   660 ;; This function calls:
   661 ;;		_adc_init
   662 ;;		_ccp2_init
   663 ;;		_tmr_init
   664 ;; This function is called by:
   665 ;;		Startup code after reset
   666 ;; This function uses a non-reentrant model
   667 ;;
   668                           psect	text0,class=CODE,space=0,reloc=2,group=0
   669                           	file	"newmain.c"
   670                           	line	31
   671                           global __ptext0
   672                           __ptext0:
   673  000106                     psect	text0
   674                           	file	"newmain.c"
   675                           	line	31
   676                           	global	__size_of_main
   677                           	__size_of_main	equ	__end_of_main-_main
   678  0000                     	
   679                           _main:
   680  000106                     ;incstack = 0
   681                           	opt	stack 29
   682                           	line	34
   683                           	
   684                           l808:
   685  000106                     ;newmain.c: 34: }
   686                           	call	_adc_init	;wreg free
   687  000106  EC50  F000         	line	35
   688                           ;newmain.c: 35: 
   689                           	call	_ccp2_init	;wreg free
   690  00010A  EC68  F000         	line	36
   691                           ;newmain.c: 36: void adc_init(void){
   692                           	call	_tmr_init	;wreg free
   693  00010E  EC8D  F000         	line	37
   694                           ;newmain.c: 37: 
   695                           	
   696                           l58:
   697  000112                     	
   698                           l59:
   699  000112                     	goto	l58
   700  000112  EF89  F000         	
   701                           l60:
   702  000116                     	line	39
   703                           ;newmain.c: 38: 
   704                           	
   705                           l61:
   706  000116                     	global	start
   707                           	goto	start
   708  000116  EF07  F000         	opt stack 0
   709                           GLOBAL	__end_of_main
   710                           	__end_of_main:
   711  00011A                     	signat	_main,89
   712                           	global	_tmr_init
   713                           
   714 ;; *************** function _tmr_init *****************
   715 ;; Defined at:
   716 ;;		line 99 in file "newmain.c"
   717 ;; Parameters:    Size  Location     Type
   718 ;;		None
   719 ;; Auto vars:     Size  Location     Type
   720 ;;		None
   721 ;; Return value:  Size  Location     Type
   722 ;;                  1    wreg      void 
   723 ;; Registers used:
   724 ;;		wreg, status,2
   725 ;; Tracked objects:
   726 ;;		On entry : 0/0
   727 ;;		On exit  : 0/0
   728 ;;		Unchanged: 0/0
   729 ;; Data sizes:     COMRAM   BANK0   BANK1   BANK2   BANK3   BANK4   BANK5
   730 ;;      Params:         0       0       0       0       0       0       0
   731 ;;      Locals:         0       0       0       0       0       0       0
   732 ;;      Temps:          0       0       0       0       0       0       0
   733 ;;      Totals:         0       0       0       0       0       0       0
   734 ;;Total ram usage:        0 bytes
   735 ;; Hardware stack levels used:    1
   736 ;; Hardware stack levels required when called:    1
   737 ;; This function calls:
   738 ;;		Nothing
   739 ;; This function is called by:
   740 ;;		_main
   741 ;; This function uses a non-reentrant model
   742 ;;
   743                           psect	text1,class=CODE,space=0,reloc=2,group=0
   744                           	line	99
   745                           global __ptext1
   746                           __ptext1:
   747  00011A                     psect	text1
   748                           	file	"newmain.c"
   749                           	line	99
   750                           	global	__size_of_tmr_init
   751                           	__size_of_tmr_init	equ	__end_of_tmr_init-_tmr_init
   752  0000                     	
   753                           _tmr_init:
   754  00011A                     ;incstack = 0
   755                           	opt	stack 29
   756                           	line	101
   757                           	
   758                           l780:
   759  00011A                     ;newmain.c: 101:     T3CONbits.T3CCP1=1;
   760                           	bcf	((c:4001)),c,1	;volatile
   761  00011A  92A1               	line	102
   762                           ;newmain.c: 102:     T3CONbits.T3CKPS=0;
   763                           	bsf	((c:4000)),c,1	;volatile
   764  00011C  82A0               	line	103
   765                           ;newmain.c: 103:     T3CONbits.TMR3CS=0;
   766                           	bsf	((c:4002)),c,1	;volatile
   767  00011E  82A2               	line	105
   768                           ;newmain.c: 105: 
   769                           	bcf	((c:4017)),c,6	;volatile
   770  000120  9CB1               	line	106
   771                           ;newmain.c: 106: 
   772                           	bsf	((c:4017)),c,3	;volatile
   773  000122  86B1               	line	107
   774                           	
   775                           l782:
   776  000124                     ;newmain.c: 107: 
   777                           	movlw	((0 & ((1<<2)-1))<<4)|not (((1<<2)-1)<<4)
   778  000124  0ECF               	andwf	((c:4017)),c	;volatile
   779  000126  16B1               	line	108
   780                           	
   781                           l784:
   782  000128                     ;newmain.c: 108: }
   783                           	bcf	((c:4017)),c,1	;volatile
   784  000128  92B1               	line	109
   785                           	
   786                           l786:
   787  00012A                     	bsf	((c:4017)),c,0	;volatile
   788  00012A  80B1               	line	113
   789                           	
   790                           l70:
   791  00012C                     	return	;funcret
   792  00012C  0012               	opt stack 0
   793                           GLOBAL	__end_of_tmr_init
   794                           	__end_of_tmr_init:
   795  00012E                     	signat	_tmr_init,89
   796                           	global	_ccp2_init
   797                           
   798 ;; *************** function _ccp2_init *****************
   799 ;; Defined at:
   800 ;;		line 81 in file "newmain.c"
   801 ;; Parameters:    Size  Location     Type
   802 ;;		None
   803 ;; Auto vars:     Size  Location     Type
   804 ;;		None
   805 ;; Return value:  Size  Location     Type
   806 ;;                  1    wreg      void 
   807 ;; Registers used:
   808 ;;		wreg, status,2
   809 ;; Tracked objects:
   810 ;;		On entry : 0/0
   811 ;;		On exit  : 0/0
   812 ;;		Unchanged: 0/0
   813 ;; Data sizes:     COMRAM   BANK0   BANK1   BANK2   BANK3   BANK4   BANK5
   814 ;;      Params:         0       0       0       0       0       0       0
   815 ;;      Locals:         0       0       0       0       0       0       0
   816 ;;      Temps:          0       0       0       0       0       0       0
   817 ;;      Totals:         0       0       0       0       0       0       0
   818 ;;Total ram usage:        0 bytes
   819 ;; Hardware stack levels used:    1
   820 ;; Hardware stack levels required when called:    1
   821 ;; This function calls:
   822 ;;		Nothing
   823 ;; This function is called by:
   824 ;;		_main
   825 ;; This function uses a non-reentrant model
   826 ;;
   827                           psect	text2,class=CODE,space=0,reloc=2,group=0
   828                           	line	81
   829                           global __ptext2
   830                           __ptext2:
   831  0000D0                     psect	text2
   832                           	file	"newmain.c"
   833                           	line	81
   834                           	global	__size_of_ccp2_init
   835                           	__size_of_ccp2_init	equ	__end_of_ccp2_init-_ccp2_init
   836  0000                     	
   837                           _ccp2_init:
   838  0000D0                     ;incstack = 0
   839                           	opt	stack 29
   840                           	line	84
   841                           	
   842                           l764:
   843  0000D0                     ;newmain.c: 84: 
   844                           	movf	((c:4051)),c,w	;volatile
   845  0000D0  50D3               	andlw	not (((1<<3)-1)<<4)
   846  0000D2  0B8F               	iorlw	(04h & ((1<<3)-1))<<4
   847  0000D4  0940               	movwf	((c:4051)),c	;volatile
   848  0000D6  6ED3               	line	85
   849                           	
   850                           l766:
   851  0000D8                     ;newmain.c: 85:     PIR2bits.CCP2IF=0;
   852                           	bsf	((c:4026)),c,0	;volatile
   853  0000D8  80BA               	line	86
   854                           	
   855                           l768:
   856  0000DA                     ;newmain.c: 86:     PIE2bits.CCP2IE=1;
   857                           	bsf	((c:4026)),c,1	;volatile
   858  0000DA  82BA               	line	87
   859                           	
   860                           l770:
   861  0000DC                     ;newmain.c: 87:     IPR2bits.CCP2IP=1;
   862                           	bcf	((c:4026)),c,2	;volatile
   863  0000DC  94BA               	line	88
   864                           	
   865                           l772:
   866  0000DE                     ;newmain.c: 88: 
   867                           	bsf	((c:4026)),c,3	;volatile
   868  0000DE  86BA               	line	90
   869                           	
   870                           l774:
   871  0000E0                     ;newmain.c: 90: 
   872                           	bcf	((c:4001)),c,0	;volatile
   873  0000E0  90A1               	line	91
   874                           	
   875                           l776:
   876  0000E2                     ;newmain.c: 91:     CCPR2=31250;
   877                           	bsf	((c:4000)),c,0	;volatile
   878  0000E2  80A0               	line	92
   879                           	
   880                           l778:
   881  0000E4                     ;newmain.c: 92: }
   882                           	bsf	((c:4002)),c,0	;volatile
   883  0000E4  80A2               	line	96
   884                           ;newmain.c: 96:     PIR2bits.TMR3IF=0;
   885                           	movlw	high(07A12h)
   886  0000E6  0E7A               	movwf	((c:4027+1)),c	;volatile
   887  0000E8  6EBC               	movlw	low(07A12h)
   888  0000EA  0E12               	movwf	((c:4027)),c	;volatile
   889  0000EC  6EBB               	line	97
   890                           	
   891                           l67:
   892  0000EE                     	return	;funcret
   893  0000EE  0012               	opt stack 0
   894                           GLOBAL	__end_of_ccp2_init
   895                           	__end_of_ccp2_init:
   896  0000F0                     	signat	_ccp2_init,89
   897                           	global	_adc_init
   898                           
   899 ;; *************** function _adc_init *****************
   900 ;; Defined at:
   901 ;;		line 41 in file "newmain.c"
   902 ;; Parameters:    Size  Location     Type
   903 ;;		None
   904 ;; Auto vars:     Size  Location     Type
   905 ;;		None
   906 ;; Return value:  Size  Location     Type
   907 ;;                  1    wreg      void 
   908 ;; Registers used:
   909 ;;		wreg, status,2
   910 ;; Tracked objects:
   911 ;;		On entry : 0/0
   912 ;;		On exit  : 0/0
   913 ;;		Unchanged: 0/0
   914 ;; Data sizes:     COMRAM   BANK0   BANK1   BANK2   BANK3   BANK4   BANK5
   915 ;;      Params:         0       0       0       0       0       0       0
   916 ;;      Locals:         0       0       0       0       0       0       0
   917 ;;      Temps:          0       0       0       0       0       0       0
   918 ;;      Totals:         0       0       0       0       0       0       0
   919 ;;Total ram usage:        0 bytes
   920 ;; Hardware stack levels used:    1
   921 ;; Hardware stack levels required when called:    1
   922 ;; This function calls:
   923 ;;		Nothing
   924 ;; This function is called by:
   925 ;;		_main
   926 ;; This function uses a non-reentrant model
   927 ;;
   928                           psect	text3,class=CODE,space=0,reloc=2,group=0
   929                           	line	41
   930                           global __ptext3
   931                           __ptext3:
   932  0000A0                     psect	text3
   933                           	file	"newmain.c"
   934                           	line	41
   935                           	global	__size_of_adc_init
   936                           	__size_of_adc_init	equ	__end_of_adc_init-_adc_init
   937  0000                     	
   938                           _adc_init:
   939  0000A0                     ;incstack = 0
   940                           	opt	stack 29
   941                           	line	47
   942                           	
   943                           l746:
   944  0000A0                     ;newmain.c: 47: 
   945                           	bcf	((c:4034)),c,5	;volatile
   946  0000A0  9AC2               	line	48
   947                           ;newmain.c: 48:     TRISEbits.RE2=1;
   948                           	bsf	((c:4034)),c,4	;volatile
   949  0000A2  88C2               	line	49
   950                           ;newmain.c: 49: 
   951                           	bsf	((c:4034)),c,3	;volatile
   952  0000A4  86C2               	line	50
   953                           ;newmain.c: 50: 
   954                           	bsf	((c:4034)),c,2	;volatile
   955  0000A6  84C2               	line	53
   956                           ;newmain.c: 53: 
   957                           	bsf	((c:3990)),c,2	;volatile
   958  0000A8  8496               	line	57
   959                           ;newmain.c: 57:     ADCON1bits.PCFG1=1;
   960                           	bsf	((c:4034)),c,0	;volatile
   961  0000AA  80C2               	line	59
   962                           	
   963                           l748:
   964  0000AC                     ;newmain.c: 59: 
   965                           	movlw	((0 & ((1<<2)-1))<<4)|not (((1<<2)-1)<<4)
   966  0000AC  0ECF               	andwf	((c:4033)),c	;volatile
   967  0000AE  16C1               	line	60
   968                           	
   969                           l750:
   970  0000B0                     ;newmain.c: 60: 
   971                           	bcf	((c:4033)),c,3	;volatile
   972  0000B0  96C1               	line	61
   973                           	
   974                           l752:
   975  0000B2                     ;newmain.c: 61: 
   976                           	bsf	((c:4033)),c,2	;volatile
   977  0000B2  84C1               	line	62
   978                           	
   979                           l754:
   980  0000B4                     ;newmain.c: 62:     ADCON2bits.ADCS=4;
   981                           	bsf	((c:4033)),c,1	;volatile
   982  0000B4  82C1               	line	63
   983                           	
   984                           l756:
   985  0000B6                     ;newmain.c: 63: 
   986                           	bsf	((c:4033)),c,0	;volatile
   987  0000B6  80C1               	line	67
   988                           ;newmain.c: 67: 
   989                           	movf	((c:4032)),c,w	;volatile
   990  0000B8  50C0               	andlw	not (((1<<3)-1)<<0)
   991  0000BA  0BF8               	iorlw	(04h & ((1<<3)-1))<<0
   992  0000BC  0904               	movwf	((c:4032)),c	;volatile
   993  0000BE  6EC0               	line	70
   994                           ;newmain.c: 70: 
   995                           	movf	((c:4032)),c,w	;volatile
   996  0000C0  50C0               	andlw	not (((1<<3)-1)<<3)
   997  0000C2  0BC7               	iorlw	(01h & ((1<<3)-1))<<3
   998  0000C4  0908               	movwf	((c:4032)),c	;volatile
   999  0000C6  6EC0               	line	73
  1000                           	
  1001                           l758:
  1002  0000C8                     ;newmain.c: 73: 
  1003                           	bsf	((c:4032)),c,7	;volatile
  1004  0000C8  8EC0               	line	76
  1005                           	
  1006                           l760:
  1007  0000CA                     ;newmain.c: 76: void ccp2_init(void){
  1008                           	bsf	((c:4048)),c,7	;volatile
  1009  0000CA  8ED0               	line	77
  1010                           	
  1011                           l762:
  1012  0000CC                     ;newmain.c: 77: 
  1013                           	bsf	((c:4082)),c,7	;volatile
  1014  0000CC  8EF2               	line	79
  1015                           	
  1016                           l64:
  1017  0000CE                     	return	;funcret
  1018  0000CE  0012               	opt stack 0
  1019                           GLOBAL	__end_of_adc_init
  1020                           	__end_of_adc_init:
  1021  0000D0                     	signat	_adc_init,89
  1022                           	global	_Hi_ISR
  1023                           
  1024 ;; *************** function _Hi_ISR *****************
  1025 ;; Defined at:
  1026 ;;		line 11 in file "newmain.c"
  1027 ;; Parameters:    Size  Location     Type
  1028 ;;		None
  1029 ;; Auto vars:     Size  Location     Type
  1030 ;;		None
  1031 ;; Return value:  Size  Location     Type
  1032 ;;                  1    wreg      void 
  1033 ;; Registers used:
  1034 ;;		wreg, fsr2l, fsr2h, status,2, status,0
  1035 ;; Tracked objects:
  1036 ;;		On entry : 0/0
  1037 ;;		On exit  : 0/0
  1038 ;;		Unchanged: 0/0
  1039 ;; Data sizes:     COMRAM   BANK0   BANK1   BANK2   BANK3   BANK4   BANK5
  1040 ;;      Params:         0       0       0       0       0       0       0
  1041 ;;      Locals:         0       0       0       0       0       0       0
  1042 ;;      Temps:          2       0       0       0       0       0       0
  1043 ;;      Totals:         2       0       0       0       0       0       0
  1044 ;;Total ram usage:        2 bytes
  1045 ;; Hardware stack levels used:    1
  1046 ;; This function calls:
  1047 ;;		Nothing
  1048 ;; This function is called by:
  1049 ;;		Interrupt level 2
  1050 ;; This function uses a non-reentrant model
  1051 ;;
  1052                           psect	intcode,class=CODE,space=0,reloc=2
  1053                           global __pintcode
  1054                           __pintcode:
  1055  000008                     psect	intcode
  1056                           	file	"newmain.c"
  1057                           	line	11
  1058                           	global	__size_of_Hi_ISR
  1059                           	__size_of_Hi_ISR	equ	__end_of_Hi_ISR-_Hi_ISR
  1060  0000                     	
  1061                           _Hi_ISR:
  1062  000008                     ;incstack = 0
  1063                           	opt	stack 29
  1064                           	bsf int$flags,1,c ;set compiler interrupt flag (level 2)
  1065  000008  8215               	global	int_func
  1066                           	call	int_func,f	;refresh shadow registers
  1067  00000A  ED09  F000         psect	intcode_body,class=CODE,space=0,reloc=2
  1068                           global __pintcode_body
  1069                           __pintcode_body:
  1070  000012                     int_func:
  1071  000012                     
  1072                           	pop	; remove dummy address from shadow register refresh
  1073  000012  0006               	movff	fsr2l+0,??_Hi_ISR+0
  1074  000014  CFD9 F013          	movff	fsr2h+0,??_Hi_ISR+1
  1075  000018  CFDA F014          	line	14
  1076                           	
  1077                           i2l788:
  1078  00001C                     ;newmain.c: 14:             __nop();
  1079                           	btfss	((c:3998)),c,6	;volatile
  1080  00001C  AC9E               	goto	i2u1_41
  1081  00001E  EF13  F000         	goto	i2u1_40
  1082  000022  EF15  F000         i2u1_41:
  1083  000026                     	goto	i2l49
  1084  000026  EF38  F000         i2u1_40:
  1085  00002A                     	line	16
  1086                           	
  1087                           i2l790:
  1088  00002A                     ;newmain.c: 16:         }
  1089                           	bcf	status,0
  1090  00002A  90D8               	rlcf	((c:_index)),c,w
  1091  00002C  3411               	movwf	fsr2l
  1092  00002E  6ED9               	rlcf	((c:_index+1)),c,w
  1093  000030  3412               	movwf	fsr2h
  1094  000032  6EDA               	movlw	low(_result)
  1095  000034  0E01               	addwf	fsr2l
  1096  000036  26D9               	movlw	high(_result)
  1097  000038  0E00               	addwfc	fsr2h
  1098  00003A  22DA               	movff	(c:4035),postinc2	;volatile
  1099  00003C  CFC3 FFDE          	movff	(c:4035+1),postdec2	;volatile
  1100  000040  CFC4 FFDD          	line	17
  1101                           	
  1102                           i2l792:
  1103  000044                     ;newmain.c: 17:         PIR1bits.ADIF=0;
  1104                           	infsnz	((c:_index)),c
  1105  000044  4A11               	incf	((c:_index+1)),c
  1106  000046  2A12               	line	18
  1107                           	
  1108                           i2l794:
  1109  000048                     ;newmain.c: 18:     }
  1110                           		movlw	8
  1111  000048  0E08               	xorwf	((c:_index)),c,w
  1112  00004A  1811               iorwf	((c:_index+1)),c,w
  1113  00004C  1012               	btfss	status,2
  1114  00004E  A4D8               	goto	i2u2_41
  1115  000050  EF2C  F000         	goto	i2u2_40
  1116  000054  EF2E  F000         
  1117                           i2u2_41:
  1118  000058                     	goto	i2l800
  1119  000058  EF35  F000         i2u2_40:
  1120  00005C                     	line	19
  1121                           	
  1122                           i2l796:
  1123  00005C                     ;newmain.c: 19:     else if(PIR2bits.CCP2IF){
  1124                           	opt	asmopt_push
  1125                           	opt	asmopt_off
  1126                           	nop
  1127  00005C  F000               	opt	asmopt_pop
  1128                           	line	20
  1129                           	
  1130                           i2l798:
  1131  00005E                     ;newmain.c: 20:         TMR3=0;
  1132                           	movlw	high(0)
  1133  00005E  0E00               	movwf	((c:_index+1)),c
  1134  000060  6E12               	movlw	low(0)
  1135  000062  0E00               	movwf	((c:_index)),c
  1136  000064  6E11               	goto	i2l800
  1137  000066  EF35  F000         	line	21
  1138                           ;newmain.c: 21:         PIR2bits.CCP2IF=0;
  1139                           	
  1140                           i2l50:
  1141  00006A                     	line	22
  1142                           	
  1143                           i2l800:
  1144  00006A                     ;newmain.c: 22:     }
  1145                           	bcf	((c:3998)),c,6	;volatile
  1146  00006A  9C9E               	line	23
  1147                           ;newmain.c: 23:     return ;
  1148                           	goto	i2l53
  1149  00006C  EF4A  F000         	line	24
  1150                           ;newmain.c: 24: }
  1151                           	
  1152                           i2l49:
  1153  000070                     	btfss	((c:4001)),c,0	;volatile
  1154  000070  A0A1               	goto	i2u3_41
  1155  000072  EF3D  F000         	goto	i2u3_40
  1156  000076  EF3F  F000         i2u3_41:
  1157  00007A                     	goto	i2l53
  1158  00007A  EF4A  F000         i2u3_40:
  1159  00007E                     	line	25
  1160                           	
  1161                           i2l802:
  1162  00007E                     ;newmain.c: 25: 
  1163                           	movlw	high(0)
  1164  00007E  0E00               	movwf	((c:4018+1)),c	;volatile
  1165  000080  6EB3               	movlw	low(0)
  1166  000082  0E00               	movwf	((c:4018)),c	;volatile
  1167  000084  6EB2               	line	26
  1168                           	
  1169                           i2l804:
  1170  000086                     ;newmain.c: 26: void main(void) {
  1171                           	bcf	((c:4001)),c,0	;volatile
  1172  000086  90A1               	goto	i2l53
  1173  000088  EF4A  F000         	line	27
  1174                           ;newmain.c: 27: 
  1175                           	
  1176                           i2l52:
  1177  00008C                     	goto	i2l53
  1178  00008C  EF4A  F000         	
  1179                           i2l51:
  1180  000090                     	goto	i2l53
  1181  000090  EF4A  F000         	line	28
  1182                           	
  1183                           i2l806:
  1184  000094                     	line	29
  1185                           ;newmain.c: 28: 
  1186                           	
  1187                           i2l53:
  1188  000094                     	movff	??_Hi_ISR+1,fsr2h+0
  1189  000094  C014  FFDA         	movff	??_Hi_ISR+0,fsr2l+0
  1190  000098  C013  FFD9         	bcf int$flags,1,c ;clear compiler interrupt flag (level 2)
  1191  00009C  9215               	retfie f
  1192  00009E  0011               	opt stack 0
  1193                           GLOBAL	__end_of_Hi_ISR
  1194                           	__end_of_Hi_ISR:
  1195  0000A0                     	signat	_Hi_ISR,89
  1196                           	GLOBAL	__activetblptr
  1197                           __activetblptr	EQU	0
  1198  0000                     	psect	intsave_regs,class=BIGRAM,space=1,noexec
  1199                           	PSECT	rparam,class=COMRAM,space=1,noexec
  1200                           	GLOBAL	__Lrparam
  1201                           	FNCONF	rparam,??,?
  1202                           	GLOBAL	___rparam_used
  1203                           	___rparam_used EQU 1
  1204  0000                     	GLOBAL	___param_bank
  1205                           	___param_bank EQU 0
  1206  0000                     GLOBAL	__Lparam, __Hparam
  1207                           GLOBAL	__Lrparam, __Hrparam
  1208                           __Lparam	EQU	__Lrparam
  1209  0000                     __Hparam	EQU	__Hrparam
  1210  0000                            psect   temp,common,ovrld,class=COMRAM,space=1
  1211                           	global	btemp
  1212                           btemp:
  1213  000015                     	ds	1
  1214  000015                     	global	int$flags
  1215                           	int$flags	set btemp
  1216  0000                     	global	wtemp8
  1217                           	wtemp8 set btemp+1
  1218  0000                     	global	ttemp5
  1219                           	ttemp5 set btemp+1
  1220  0000                     	global	ttemp6
  1221                           	ttemp6 set btemp+4
  1222  0000                     	global	ttemp7
  1223                           	ttemp7 set btemp+8
  1224  0000                     	end


Data Sizes:
    Strings     0
    Constant    0
    Data        0
    BSS         18
    Persistent  0
    Stack       0

Auto Spaces:
    Space          Size  Autos    Used
    COMRAM          126      2      20
    BANK0           128      0       0
    BANK1           256      0       0
    BANK2           256      0       0
    BANK3           256      0       0
    BANK4           256      0       0
    BANK5           256      0       0

Pointer List with Targets:

    None.

Critical Paths under _main in COMRAM

    None.

Critical Paths under _Hi_ISR in COMRAM

    None.

Critical Paths under _main in BANK0

    None.

Critical Paths under _Hi_ISR in BANK0

    None.

Critical Paths under _main in BANK1

    None.

Critical Paths under _Hi_ISR in BANK1

    None.

Critical Paths under _main in BANK2

    None.

Critical Paths under _Hi_ISR in BANK2

    None.

Critical Paths under _main in BANK3

    None.

Critical Paths under _Hi_ISR in BANK3

    None.

Critical Paths under _main in BANK4

    None.

Critical Paths under _Hi_ISR in BANK4

    None.

Critical Paths under _main in BANK5

    None.

Critical Paths under _Hi_ISR in BANK5

    None.

Call Graph Tables:

 ---------------------------------------------------------------------------------
 (Depth) Function   	        Calls       Base Space   Used Autos Params    Refs
 ---------------------------------------------------------------------------------
 (0) _main                                                 0     0      0       0
                           _adc_init
                          _ccp2_init
                           _tmr_init
 ---------------------------------------------------------------------------------
 (1) _tmr_init                                             0     0      0       0
 ---------------------------------------------------------------------------------
 (1) _ccp2_init                                            0     0      0       0
 ---------------------------------------------------------------------------------
 (1) _adc_init                                             0     0      0       0
 ---------------------------------------------------------------------------------
 Estimated maximum stack depth 1
 ---------------------------------------------------------------------------------
 (Depth) Function   	        Calls       Base Space   Used Autos Params    Refs
 ---------------------------------------------------------------------------------
 (2) _Hi_ISR                                               2     2      0       0
                                              0 COMRAM     2     2      0
 ---------------------------------------------------------------------------------
 Estimated maximum stack depth 2
 ---------------------------------------------------------------------------------

 Call Graph Graphs:

 _main (ROOT)
   _adc_init
   _ccp2_init
   _tmr_init

 _Hi_ISR (ROOT)

 Address spaces:
Name               Size   Autos  Total    Cost      Usage
BIGRAM             5FF      0       0      17        0.0%
EEDATA             100      0       0       0        0.0%
BITBANK5           100      0       0      16        0.0%
BANK5              100      0       0      14        0.0%
BITBANK4           100      0       0      12        0.0%
BANK4              100      0       0      13        0.0%
BITBANK3           100      0       0      10        0.0%
BANK3              100      0       0      11        0.0%
BITBANK2           100      0       0       8        0.0%
BANK2              100      0       0       9        0.0%
BITBANK1           100      0       0       6        0.0%
BANK1              100      0       0       7        0.0%
BITBANK0            80      0       0       4        0.0%
BANK0               80      0       0       5        0.0%
BITCOMRAM           7E      0       0       0        0.0%
COMRAM              7E      2      14       1       15.9%
BITSFR               0      0       0     200        0.0%
SFR                  0      0       0     200        0.0%
STACK                0      0       0       2        0.0%
NULL                 0      0       0       0        0.0%
ABS                  0      0      14      15        0.0%
DATA                 0      0      14       3        0.0%
CODE                 0      0       0       0        0.0%


Microchip Technology PIC18 Macro Assembler V2.00 build -1524193055 
Symbol Table                                                                                   Sat Dec 22 11:21:04 2018

                     l60 0116                       l61 0116                       l70 012C  
                     l64 00CE                       l58 0112                       l67 00EE  
                     l59 0112                      l750 00B0                      l760 00CA  
                    l752 00B2                      l808 0106                      l762 00CC  
                    l754 00B4                      l746 00A0                      l770 00DC  
                    l756 00B6                      l748 00AC                      l772 00DE  
                    l764 00D0                      l780 011A                      l758 00C8  
                    l774 00E0                      l766 00D8                      l782 0124  
                    l776 00E2                      l768 00DA                      l784 0128  
                    l778 00E4                      l786 012A                      wreg 000FE8  
           __CFG_LVP$OFF 000000             __CFG_WDT$OFF 000000                     i2l50 006A  
                   i2l51 0090                     i2l52 008C                     i2l53 0094  
                   i2l49 0070                     _TMR3 000FB2                     _main 0106  
                   fsr2h 000FDA                     fsr2l 000FD9                     btemp 0015  
                   start 000E             ___param_bank 000000                    ?_main 0013  
                  _ADRES 000FC3                    _CCPR2 000FBB                    i2l800 006A  
                  i2l802 007E                    i2l804 0086                    i2l806 0094  
                  i2l790 002A                    i2l792 0044                    i2l794 0048  
                  i2l796 005C                    i2l788 001C                    i2l798 005E  
                  _index 0011                    ttemp5 0016                    ttemp6 0019  
                  ttemp7 001D                    status 000FD8                    wtemp8 0016  
        __initialization 00F0             __end_of_main 011A                   ??_main 0015  
          __activetblptr 000000         __end_of_adc_init 00D0                   i2u1_40 002A  
                 i2u1_41 0026                   i2u2_40 005C                   i2u2_41 0058  
                 i2u3_40 007E                   i2u3_41 007A                   _Hi_ISR 0008  
                 clear_0 00F6                   _result 0001         __end_of_tmr_init 012E  
     __size_of_ccp2_init 0020               __accesstop 0080  __end_of__initialization 00FC  
          ___rparam_used 000001           __pcstackCOMRAM 0013                  ?_Hi_ISR 0013  
      __end_of_ccp2_init 00F0                ?_adc_init 0013          __size_of_Hi_ISR 0098  
                __Hparam 0000                  __Lparam 0000                ?_tmr_init 0013  
                __pcinit 00F0                  __ramtop 0600               ??_adc_init 0015  
                __ptext0 0106                  __ptext1 011A                  __ptext2 00D0  
                __ptext3 00A0                _T3CONbits 000FB1           __pintcode_body 0012  
   end_of_initialization 00FC                  int_func 0012                  postdec2 000FDD  
                postinc0 000FEE                  postinc2 000FDE               ??_tmr_init 0015  
              _TRISEbits 000F96              _CCP2CONbits 000FBA           __end_of_Hi_ISR 00A0  
    start_initialization 00F0         __CFG_OSC$INTIO67 000000                 ??_Hi_ISR 0013  
      __size_of_adc_init 0030              __pbssCOMRAM 0001                _ccp2_init 00D0  
              __pintcode 0008        __size_of_tmr_init 0014               ?_ccp2_init 0013  
               _IPR2bits 000FA2                 _PIE2bits 000FA0                 _PIR1bits 000F9E  
               _PIR2bits 000FA1                 _RCONbits 000FD0               _ADCON0bits 000FC2  
             _ADCON1bits 000FC1               _ADCON2bits 000FC0                 __Hrparam 0000  
               __Lrparam 0000                 _adc_init 00A0              ??_ccp2_init 0015  
          __size_of_main 0014                 int$flags 0015                 _tmr_init 011A  
             _INTCONbits 000FF2                 intlevel2 0000               _OSCCONbits 000FD3  
