Warning[205] C:\USERS\DIVIK\MPLABXPROJECTS\LAB7.X\NEWASMTEMPLATE.ASM 66 : Found directive in column 1. (org)
Warning[203] C:\USERS\DIVIK\MPLABXPROJECTS\LAB7.X\NEWASMTEMPLATE.ASM 67 : Found opcode in column 1. (goto)
Warning[205] C:\USERS\DIVIK\MPLABXPROJECTS\LAB7.X\NEWASMTEMPLATE.ASM 86 : Found directive in column 1. (ENDM)
Warning[205] C:\USERS\DIVIK\MPLABXPROJECTS\LAB7.X\NEWASMTEMPLATE.ASM 70 : Found directive in column 1. (local)
Warning[205] C:\USERS\DIVIK\MPLABXPROJECTS\LAB7.X\NEWASMTEMPLATE.ASM 71 : Found directive in column 1. (local)
Warning[203] C:\USERS\DIVIK\MPLABXPROJECTS\LAB7.X\NEWASMTEMPLATE.ASM 72 : Found opcode in column 1. (MOVLW)
Warning[203] C:\USERS\DIVIK\MPLABXPROJECTS\LAB7.X\NEWASMTEMPLATE.ASM 73 : Found opcode in column 1. (MOVWF)
Warning[205] C:\USERS\DIVIK\MPLABXPROJECTS\LAB7.X\NEWASMTEMPLATE.ASM 70 : Found directive in column 1. (local)
Warning[205] C:\USERS\DIVIK\MPLABXPROJECTS\LAB7.X\NEWASMTEMPLATE.ASM 71 : Found directive in column 1. (local)
Warning[203] C:\USERS\DIVIK\MPLABXPROJECTS\LAB7.X\NEWASMTEMPLATE.ASM 72 : Found opcode in column 1. (MOVLW)
Warning[203] C:\USERS\DIVIK\MPLABXPROJECTS\LAB7.X\NEWASMTEMPLATE.ASM 73 : Found opcode in column 1. (MOVWF)
Warning[205] C:\USERS\DIVIK\MPLABXPROJECTS\LAB7.X\NEWASMTEMPLATE.ASM 70 : Found directive in column 1. (local)
Warning[205] C:\USERS\DIVIK\MPLABXPROJECTS\LAB7.X\NEWASMTEMPLATE.ASM 71 : Found directive in column 1. (local)
Warning[203] C:\USERS\DIVIK\MPLABXPROJECTS\LAB7.X\NEWASMTEMPLATE.ASM 72 : Found opcode in column 1. (MOVLW)
Warning[203] C:\USERS\DIVIK\MPLABXPROJECTS\LAB7.X\NEWASMTEMPLATE.ASM 73 : Found opcode in column 1. (MOVWF)
Warning[205] C:\USERS\DIVIK\MPLABXPROJECTS\LAB7.X\NEWASMTEMPLATE.ASM 70 : Found directive in column 1. (local)
Warning[205] C:\USERS\DIVIK\MPLABXPROJECTS\LAB7.X\NEWASMTEMPLATE.ASM 71 : Found directive in column 1. (local)
Warning[203] C:\USERS\DIVIK\MPLABXPROJECTS\LAB7.X\NEWASMTEMPLATE.ASM 72 : Found opcode in column 1. (MOVLW)
Warning[203] C:\USERS\DIVIK\MPLABXPROJECTS\LAB7.X\NEWASMTEMPLATE.ASM 73 : Found opcode in column 1. (MOVWF)
Warning[205] C:\USERS\DIVIK\MPLABXPROJECTS\LAB7.X\NEWASMTEMPLATE.ASM 129 : Found directive in column 1. (end)
